[2022-02-16 16:24:01] START
[2022-02-16 16:24:29] EDIT nation_catalogue/models/db.py: 11
[2022-02-16 16:24:49] CREATE nation_catalogue.py: 0
[2022-02-16 16:25:24] EDIT nation_catalogue/controllers/nation_catalogue.py: 7
[2022-02-16 16:27:04] EDIT nation_catalogue/models/db.py: 0
[2022-02-16 16:28:18] EDIT nation_catalogue/models/db.py: 1
[2022-02-16 16:30:02] EDIT nation_catalogue/models/db.py: 0
[2022-02-16 16:30:50] EDIT nation_catalogue/models/db.py: 0
[2022-02-16 16:33:52] CREATE nation_catalogue/post.html: 0
[2022-02-16 16:34:22] EDIT nation_catalogue/views/nation_catalogue/post.html: 1
[2022-02-16 16:34:29] EDIT nation_catalogue/views/nation_catalogue/post.html: -1
[2022-02-16 16:35:19] EDIT nation_catalogue/views/nation_catalogue/post.html: 1
[2022-02-16 16:35:33] EDIT nation_catalogue/views/nation_catalogue/post.html: 2
[2022-02-16 16:35:40] EDIT nation_catalogue/views/nation_catalogue/post.html: 0
[2022-02-16 16:37:15] EDIT nation_catalogue/controllers/nation_catalogue.py: 0
[2022-02-16 16:37:52] EDIT nation_catalogue/views/nation_catalogue/post.html: -3
[2022-02-16 16:42:19] EDIT nation_catalogue/views/nation_catalogue/post.html: 5
[2022-02-16 16:42:38] EDIT nation_catalogue/views/nation_catalogue/post.html: 1
[2022-02-16 16:43:14] EDIT nation_catalogue/views/nation_catalogue/post.html: 0
[2022-02-16 16:43:44] EDIT nation_catalogue/views/nation_catalogue/post.html: 2
[2022-02-16 16:44:06] EDIT nation_catalogue/views/nation_catalogue/post.html: 1
[2022-02-16 16:44:13] EDIT nation_catalogue/views/nation_catalogue/post.html: 0
[2022-02-16 16:45:44] EDIT nation_catalogue/views/nation_catalogue/post.html: 4
[2022-02-16 16:46:09] EDIT nation_catalogue/views/nation_catalogue/post.html: -1
[2022-02-16 16:47:35] EDIT nation_catalogue/controllers/nation_catalogue.py: 2
[2022-02-16 16:49:05] EDIT nation_catalogue/controllers/nation_catalogue.py: 0
[2022-02-16 16:50:28] EDIT nation_catalogue/controllers/nation_catalogue.py: 1
[2022-02-16 16:50:59] EDIT nation_catalogue/controllers/nation_catalogue.py: 1
[2022-02-16 16:51:02] EDIT nation_catalogue/controllers/nation_catalogue.py: -1
[2022-02-16 16:51:57] EDIT nation_catalogue/controllers/nation_catalogue.py: 0
[2022-02-16 16:52:06] EDIT nation_catalogue/controllers/nation_catalogue.py: -2
[2022-02-16 16:52:37] EDIT nation_catalogue/controllers/nation_catalogue.py: 0
[2022-02-16 16:52:51] EDIT nation_catalogue/controllers/nation_catalogue.py: 2
[2022-02-16 16:52:58] EDIT nation_catalogue/controllers/nation_catalogue.py: 0
[2022-02-16 16:53:48] EDIT nation_catalogue/controllers/nation_catalogue.py: 0
[2022-02-16 16:54:12] EDIT nation_catalogue/controllers/nation_catalogue.py: 0
[2022-02-16 16:59:04] EDIT nation_catalogue/controllers/nation_catalogue.py: -2
[2022-02-16 16:59:30] EDIT nation_catalogue/controllers/nation_catalogue.py: -1
[2022-02-16 17:00:06] EDIT nation_catalogue/controllers/nation_catalogue.py: 1
[2022-02-16 17:00:50] EDIT nation_catalogue/controllers/nation_catalogue.py: 0
[2022-02-16 17:01:28] EDIT nation_catalogue/controllers/nation_catalogue.py: 2
[2022-02-16 17:01:48] EDIT nation_catalogue/controllers/nation_catalogue.py: 0
[2022-02-16 17:02:32] EDIT nation_catalogue/controllers/nation_catalogue.py: -2
[2022-02-16 17:02:50] EDIT nation_catalogue/views/nation_catalogue/post.html: 3
[2022-02-16 17:03:20] EDIT nation_catalogue/views/nation_catalogue/post.html: 2
[2022-02-16 17:03:28] EDIT nation_catalogue/views/nation_catalogue/post.html: 0
[2022-02-16 17:03:37] EDIT nation_catalogue/views/nation_catalogue/post.html: 0
[2022-02-16 17:03:55] EDIT nation_catalogue/views/nation_catalogue/post.html: 0
[2022-02-16 17:04:08] EDIT nation_catalogue/views/nation_catalogue/post.html: 0
[2022-02-16 17:04:23] EDIT nation_catalogue/views/nation_catalogue/post.html: 0
[2022-02-16 17:04:56] EDIT nation_catalogue/views/nation_catalogue/post.html: 5
[2022-02-16 17:05:14] EDIT nation_catalogue/views/nation_catalogue/post.html: 0
[2022-02-16 17:05:51] EDIT nation_catalogue/controllers/nation_catalogue.py: 0
[2022-02-16 17:05:58] EDIT nation_catalogue/controllers/nation_catalogue.py: 0
[2022-02-16 17:06:16] EDIT nation_catalogue/views/nation_catalogue/post.html: 0
[2022-02-16 17:06:24] EDIT nation_catalogue/views/nation_catalogue/post.html: 0
[2022-02-16 17:06:35] EDIT nation_catalogue/controllers/nation_catalogue.py: 0
[2022-02-16 17:07:20] EDIT nation_catalogue/views/nation_catalogue/post.html: 5
[2022-02-16 17:07:30] EDIT nation_catalogue/views/nation_catalogue/post.html: 0
[2022-02-16 17:07:43] EDIT nation_catalogue/views/nation_catalogue/post.html: 1
[2022-02-16 17:08:40] EDIT nation_catalogue/controllers/nation_catalogue.py: 1
[2022-02-16 17:08:45] EDIT nation_catalogue/views/nation_catalogue/post.html: 0
[2022-02-16 17:09:07] EDIT nation_catalogue/views/nation_catalogue/post.html: 1
[2022-02-16 17:09:17] EDIT nation_catalogue/views/nation_catalogue/post.html: 1
[2022-02-16 17:09:26] EDIT nation_catalogue/views/nation_catalogue/post.html: 0
[2022-02-16 17:09:35] EDIT nation_catalogue/views/nation_catalogue/post.html: 0
[2022-02-16 17:09:47] EDIT nation_catalogue/views/nation_catalogue/post.html: 0
[2022-02-16 17:09:54] EDIT nation_catalogue/views/nation_catalogue/post.html: 0
[2022-02-16 17:10:04] EDIT nation_catalogue/views/nation_catalogue/post.html: 0
[2022-02-16 17:10:10] EDIT nation_catalogue/views/nation_catalogue/post.html: 0
[2022-02-16 17:10:29] EDIT nation_catalogue/views/nation_catalogue/post.html: 0
[2022-02-16 17:10:42] EDIT nation_catalogue/views/nation_catalogue/post.html: 0
[2022-02-16 17:10:50] EDIT nation_catalogue/views/nation_catalogue/post.html: -3
[2022-02-16 17:11:03] EDIT nation_catalogue/views/nation_catalogue/post.html: 1
[2022-02-16 17:11:37] EDIT nation_catalogue/controllers/nation_catalogue.py: 2
[2022-02-16 17:13:32] EDIT nation_catalogue/controllers/nation_catalogue.py: 5
[2022-02-16 17:14:09] EDIT nation_catalogue/controllers/nation_catalogue.py: 0
[2022-02-16 17:14:42] EDIT nation_catalogue/views/nation_catalogue/post.html: 3
[2022-02-16 17:14:57] EDIT nation_catalogue/views/nation_catalogue/post.html: 0
[2022-02-16 17:15:19] EDIT nation_catalogue/views/nation_catalogue/post.html: 1
[2022-02-16 17:15:19] EDIT nation_catalogue/views/nation_catalogue/post.html: 0
[2022-02-16 17:15:43] EDIT nation_catalogue/views/nation_catalogue/post.html: 3
[2022-02-16 17:19:05] EDIT nation_catalogue/controllers/nation_catalogue.py: 0
[2022-02-16 17:19:26] EDIT nation_catalogue/views/nation_catalogue/post.html: 3
[2022-02-16 17:19:58] EDIT nation_catalogue/views/nation_catalogue/post.html: 3
[2022-02-16 17:20:07] EDIT nation_catalogue/views/nation_catalogue/post.html: 0
[2022-02-16 17:21:01] EDIT nation_catalogue/views/nation_catalogue/post.html: 3
[2022-02-16 17:21:14] EDIT nation_catalogue/views/nation_catalogue/post.html: 0
[2022-02-16 17:21:27] EDIT nation_catalogue/views/nation_catalogue/post.html: 0
[2022-02-16 17:25:20] EDIT nation_catalogue/models/db.py: 1
[2022-02-16 17:26:50] EDIT nation_catalogue/models/db.py: 0
[2022-02-16 17:27:00] EDIT nation_catalogue/models/db.py: 0
[2022-02-16 17:27:28] EDIT nation_catalogue/views/nation_catalogue/post.html: 0
[2022-02-16 17:29:52] EDIT nation_catalogue/models/db.py: 0
[2022-02-17 10:15:02] CREATE nation_catalogue/view.html: 0
[2022-02-17 10:15:14] EDIT nation_catalogue/views/nation_catalogue/view.html: 21
[2022-02-17 10:16:46] EDIT nation_catalogue/views/nation_catalogue/view.html: 0
[2022-02-17 10:16:57] EDIT nation_catalogue/views/nation_catalogue/view.html: 0
[2022-02-17 10:17:49] EDIT nation_catalogue/views/nation_catalogue/view.html: 1
[2022-02-17 10:18:02] EDIT nation_catalogue/views/nation_catalogue/view.html: 0
[2022-02-17 10:19:58] EDIT nation_catalogue/views/nation_catalogue/view.html: 0
[2022-02-17 10:20:01] EDIT nation_catalogue/views/nation_catalogue/view.html: 0
[2022-02-17 10:20:14] EDIT nation_catalogue/views/nation_catalogue/view.html: 0
[2022-02-17 10:21:46] EDIT nation_catalogue/views/nation_catalogue/view.html: 0
[2022-02-17 10:22:32] EDIT nation_catalogue/views/nation_catalogue/view.html: 0
[2022-02-17 10:23:53] EDIT nation_catalogue/views/nation_catalogue/view.html: 0
[2022-02-17 10:24:23] EDIT nation_catalogue/views/nation_catalogue/view.html: 0
[2022-02-17 10:46:42] EDIT nation_catalogue/views/nation_catalogue/view.html: 0
[2022-02-17 10:47:02] EDIT nation_catalogue/views/nation_catalogue/view.html: 0
[2022-02-17 10:47:12] EDIT nation_catalogue/views/nation_catalogue/view.html: 1
[2022-02-17 10:47:24] EDIT nation_catalogue/views/nation_catalogue/view.html: 0
[2022-02-17 10:47:43] EDIT nation_catalogue/views/nation_catalogue/view.html: 0
[2022-02-17 10:48:06] EDIT nation_catalogue/views/nation_catalogue/view.html: 0
[2022-02-17 10:49:03] EDIT nation_catalogue/views/nation_catalogue/view.html: 5
[2022-02-17 10:50:03] EDIT nation_catalogue/views/nation_catalogue/view.html: 5
[2022-02-17 10:50:14] EDIT nation_catalogue/views/nation_catalogue/view.html: 1
[2022-02-17 10:50:38] EDIT nation_catalogue/views/nation_catalogue/view.html: 0
[2022-02-17 10:51:09] EDIT nation_catalogue/views/nation_catalogue/view.html: 3
[2022-02-17 10:51:32] EDIT nation_catalogue/views/nation_catalogue/view.html: 0
[2022-02-17 10:52:33] EDIT nation_catalogue/views/nation_catalogue/view.html: 0
[2022-02-17 10:55:37] EDIT nation_catalogue/models/db.py: 0
[2022-02-17 10:55:45] EDIT nation_catalogue/models/db.py: 0
[2022-02-17 10:56:06] EDIT nation_catalogue/views/nation_catalogue/view.html: 0
[2022-02-17 10:56:49] EDIT nation_catalogue/views/nation_catalogue/view.html: 0
[2022-02-17 10:57:05] EDIT nation_catalogue/views/nation_catalogue/view.html: 1
[2022-02-17 10:57:36] EDIT nation_catalogue/models/db.py: 0
[2022-02-17 10:57:51] EDIT nation_catalogue/views/nation_catalogue/view.html: -1
[2022-02-17 10:59:29] EDIT nation_catalogue/models/db.py: 0
[2022-02-17 10:59:38] EDIT nation_catalogue/models/db.py: 0
[2022-02-17 11:01:25] EDIT nation_catalogue/models/db.py: 0
[2022-02-17 11:02:32] EDIT nation_catalogue/models/db.py: 0
[2022-02-17 11:03:08] EDIT nation_catalogue/views/nation_catalogue/view.html: 0
[2022-02-17 11:04:23] EDIT nation_catalogue/controllers/nation_catalogue.py: 5
[2022-02-17 11:04:29] EDIT nation_catalogue/controllers/nation_catalogue.py: -1
[2022-02-17 11:04:33] EDIT nation_catalogue/controllers/nation_catalogue.py: 0
[2022-02-17 11:04:36] EDIT nation_catalogue/controllers/nation_catalogue.py: 0
[2022-02-17 11:04:39] EDIT nation_catalogue/controllers/nation_catalogue.py: 0
[2022-02-17 11:04:49] EDIT nation_catalogue/controllers/nation_catalogue.py: 0
[2022-02-17 11:05:12] EDIT nation_catalogue/views/nation_catalogue/view.html: 1
[2022-02-17 11:05:22] EDIT nation_catalogue/views/nation_catalogue/view.html: 1
[2022-02-17 11:05:56] EDIT nation_catalogue/views/nation_catalogue/view.html: 5
[2022-02-17 11:07:26] EDIT nation_catalogue/views/nation_catalogue/view.html: 6
[2022-02-17 11:07:39] EDIT nation_catalogue/views/nation_catalogue/view.html: 1
[2022-02-17 11:07:52] EDIT nation_catalogue/views/nation_catalogue/view.html: -1
[2022-02-17 11:08:13] EDIT nation_catalogue/views/nation_catalogue/view.html: -1
[2022-02-17 11:08:31] EDIT nation_catalogue/views/nation_catalogue/view.html: 0
[2022-02-17 11:50:50] EDIT nation_catalogue/controllers/nation_catalogue.py: 26
[2022-02-17 11:51:44] CREATE nation_catalogue/display_form.html: 0
[2022-02-17 11:52:15] EDIT nation_catalogue/views/nation_catalogue/display_form.html: 43
[2022-02-17 11:52:53] EDIT nation_catalogue/controllers/nation_catalogue.py: 3
[2022-02-17 11:53:11] EDIT nation_catalogue/views/nation_catalogue/display_form.html: 1
[2022-02-17 12:12:01] DELETE nation_catalogue/views/nation_catalogue/post.html: -47
[2022-02-17 12:14:03] CREATE thanks.html: 0
[2022-02-17 12:14:15] DELETE nation_catalogue/views/thanks.html: -3
[2022-02-17 12:14:25] CREATE nation_catalogue/thanks.html: 0
[2022-02-17 12:33:58] EDIT nation_catalogue/views/nation_catalogue/thanks.html: 7
[2022-02-17 12:34:42] EDIT nation_catalogue/views/nation_catalogue/thanks.html: 0
[2022-02-17 13:37:56] EDIT nation_catalogue/views/nation_catalogue/thanks.html: 0
[2022-02-17 13:41:46] EDIT nation_catalogue/controllers/nation_catalogue.py: -2
[2022-02-17 13:43:08] CREATE nation_catalogue/add_nation.html: 0
[2022-02-17 13:43:14] EDIT nation_catalogue/views/nation_catalogue/add_nation.html: 44
[2022-02-17 13:43:26] EDIT nation_catalogue/views/nation_catalogue/add_nation.html: 0
[2022-02-17 13:43:34] DELETE nation_catalogue/views/nation_catalogue/display_form.html: -47
[2022-02-17 13:44:55] EDIT nation_catalogue/controllers/nation_catalogue.py: 5
[2022-02-17 13:45:12] CREATE nation_catalogue/update.html: 0
[2022-02-17 13:45:36] EDIT nation_catalogue/views/nation_catalogue/update.html: 44
[2022-02-17 13:45:56] EDIT nation_catalogue/views/nation_catalogue/update.html: 0
[2022-02-17 13:46:01] EDIT nation_catalogue/controllers/nation_catalogue.py: 0
[2022-02-17 13:46:08] EDIT nation_catalogue/views/nation_catalogue/update.html: 0
[2022-02-17 13:46:56] EDIT nation_catalogue/controllers/nation_catalogue.py: 0
[2022-02-17 13:47:59] EDIT nation_catalogue/views/nation_catalogue/update.html: 4
[2022-02-17 13:49:17] EDIT nation_catalogue/views/nation_catalogue/update.html: 4
[2022-02-17 13:50:32] EDIT nation_catalogue/controllers/nation_catalogue.py: 2
[2022-02-17 13:50:39] EDIT nation_catalogue/controllers/nation_catalogue.py: 0
[2022-02-17 13:53:41] EDIT nation_catalogue/views/nation_catalogue/view.html: 9
[2022-02-17 13:54:34] EDIT nation_catalogue/views/nation_catalogue/view.html: 1
[2022-02-17 13:55:20] EDIT nation_catalogue/views/nation_catalogue/view.html: 0
[2022-02-17 13:57:01] EDIT nation_catalogue/views/nation_catalogue/view.html: 0
[2022-02-17 13:57:18] EDIT nation_catalogue/views/nation_catalogue/view.html: 0
[2022-02-17 13:57:51] EDIT nation_catalogue/views/nation_catalogue/view.html: 0
[2022-02-17 13:58:05] EDIT nation_catalogue/views/nation_catalogue/view.html: 0
[2022-02-17 13:59:37] EDIT nation_catalogue/views/nation_catalogue/view.html: 3
[2022-02-17 14:00:31] EDIT nation_catalogue/views/nation_catalogue/view.html: 3
[2022-02-17 14:00:38] EDIT nation_catalogue/views/nation_catalogue/view.html: 1
[2022-02-17 14:00:49] EDIT nation_catalogue/views/nation_catalogue/view.html: 3
[2022-02-17 14:01:02] EDIT nation_catalogue/views/nation_catalogue/view.html: 0
[2022-02-17 14:01:22] EDIT nation_catalogue/views/nation_catalogue/view.html: 2
[2022-02-17 14:01:33] EDIT nation_catalogue/views/nation_catalogue/view.html: 1
[2022-02-17 14:01:55] EDIT nation_catalogue/views/nation_catalogue/view.html: 3
[2022-02-17 14:02:13] EDIT nation_catalogue/views/nation_catalogue/view.html: 8
[2022-02-17 14:04:52] EDIT nation_catalogue/views/nation_catalogue/view.html: 10
[2022-02-17 14:05:04] EDIT nation_catalogue/views/nation_catalogue/view.html: 0
[2022-02-19 15:47:28] EDIT nation_catalogue/views/nation_catalogue/view.html: 3
[2022-02-19 15:47:43] EDIT nation_catalogue/views/nation_catalogue/view.html: 0
[2022-02-19 15:47:51] EDIT nation_catalogue/views/nation_catalogue/view.html: 1
[2022-02-19 15:47:51] EDIT nation_catalogue/views/nation_catalogue/view.html: 0
[2022-02-19 15:48:11] EDIT nation_catalogue/views/nation_catalogue/view.html: 0
[2022-02-19 15:48:24] EDIT nation_catalogue/views/nation_catalogue/view.html: 0
[2022-02-19 15:48:35] EDIT nation_catalogue/views/nation_catalogue/view.html: 1
[2022-02-19 15:49:21] EDIT nation_catalogue/views/nation_catalogue/view.html: -4
[2022-02-19 15:49:32] EDIT nation_catalogue/views/nation_catalogue/view.html: 0
[2022-02-19 15:49:49] EDIT nation_catalogue/views/nation_catalogue/view.html: 0
[2022-02-19 15:53:53] EDIT nation_catalogue/controllers/nation_catalogue.py: 6
[2022-02-19 15:55:46] EDIT nation_catalogue/controllers/nation_catalogue.py: 0
[2022-02-19 15:55:53] EDIT nation_catalogue/views/nation_catalogue/view.html: 0
[2022-02-19 15:56:10] CREATE nation_catalogue/update_nation.html: 0
[2022-02-19 15:56:23] EDIT nation_catalogue/views/nation_catalogue/update_nation.html: 52
[2022-02-19 15:56:32] DELETE nation_catalogue/views/nation_catalogue/update.html: -55
[2022-02-19 15:58:17] EDIT nation_catalogue/views/nation_catalogue/view.html: 3
[2022-02-19 15:58:28] EDIT nation_catalogue/views/nation_catalogue/view.html: 0
[2022-02-19 15:58:35] EDIT nation_catalogue/views/nation_catalogue/view.html: 0
[2022-02-19 16:02:29] EDIT nation_catalogue/models/db.py: 1
[2022-02-19 16:02:33] EDIT nation_catalogue/models/db.py: 0
[2022-02-19 16:05:02] EDIT nation_catalogue/models/db.py: 0
[2022-02-19 16:05:40] EDIT nation_catalogue/controllers/nation_catalogue.py: 1
[2022-02-19 16:05:59] EDIT nation_catalogue/views/nation_catalogue/update_nation.html: 3
[2022-02-19 16:06:08] EDIT nation_catalogue/views/nation_catalogue/add_nation.html: 3
[2022-02-19 16:06:27] EDIT nation_catalogue/controllers/nation_catalogue.py: 1
[2022-02-19 16:06:46] EDIT nation_catalogue/controllers/nation_catalogue.py: 0
[2022-02-19 16:08:28] EDIT nation_catalogue/controllers/nation_catalogue.py: -2
[2022-02-19 16:08:45] EDIT nation_catalogue/views/nation_catalogue/add_nation.html: 0
[2022-02-19 16:09:12] EDIT nation_catalogue/views/nation_catalogue/update_nation.html: 0
[2022-02-19 16:09:25] EDIT nation_catalogue/views/nation_catalogue/update_nation.html: 0
[2022-02-19 16:09:44] EDIT nation_catalogue/views/nation_catalogue/update_nation.html: 1
[2022-02-19 16:10:32] EDIT nation_catalogue/views/nation_catalogue/update_nation.html: 0
[2022-02-19 16:12:22] EDIT nation_catalogue/views/nation_catalogue/add_nation.html: 4
[2022-02-19 16:13:57] EDIT nation_catalogue/controllers/nation_catalogue.py: 0
[2022-02-19 16:14:03] EDIT nation_catalogue/views/nation_catalogue/add_nation.html: -1
[2022-02-19 16:15:08] EDIT nation_catalogue/views/nation_catalogue/add_nation.html: 1
[2022-02-19 16:15:24] EDIT nation_catalogue/models/db.py: 0
[2022-02-19 16:15:30] EDIT nation_catalogue/models/db.py: 0
[2022-02-19 16:15:30] EDIT nation_catalogue/models/db.py: 0
[2022-02-19 16:16:08] EDIT nation_catalogue/views/nation_catalogue/add_nation.html: -1
[2022-02-19 16:16:17] EDIT nation_catalogue/views/nation_catalogue/add_nation.html: 1
[2022-02-19 16:16:56] EDIT nation_catalogue/views/nation_catalogue/add_nation.html: -2
[2022-02-19 16:17:15] EDIT nation_catalogue/views/nation_catalogue/add_nation.html: -3
[2022-02-19 16:17:20] EDIT nation_catalogue/views/nation_catalogue/add_nation.html: 1
[2022-02-19 16:18:55] EDIT nation_catalogue/models/db.py: 0
[2022-02-19 16:19:14] EDIT nation_catalogue/controllers/nation_catalogue.py: 1
[2022-02-19 16:19:34] EDIT nation_catalogue/controllers/nation_catalogue.py: 1
[2022-02-19 16:19:39] EDIT nation_catalogue/views/nation_catalogue/add_nation.html: 1
[2022-02-19 16:21:58] EDIT nation_catalogue/controllers/nation_catalogue.py: 2
[2022-02-19 16:22:19] EDIT nation_catalogue/controllers/nation_catalogue.py: 6
[2022-02-19 16:23:32] EDIT nation_catalogue/views/nation_catalogue/view.html: 0
[2022-02-19 16:24:05] EDIT nation_catalogue/controllers/nation_catalogue.py: 0
[2022-02-19 16:28:33] EDIT nation_catalogue/controllers/nation_catalogue.py: -6
[2022-02-19 16:31:18] EDIT nation_catalogue/controllers/nation_catalogue.py: 1
[2022-02-19 16:35:04] EDIT nation_catalogue/controllers/nation_catalogue.py: 0
[2022-02-19 16:43:11] EDIT nation_catalogue/controllers/nation_catalogue.py: 1
[2022-02-19 16:43:28] EDIT nation_catalogue/views/nation_catalogue/view.html: 0
[2022-02-19 16:43:47] EDIT nation_catalogue/views/nation_catalogue/view.html: 0
[2022-02-19 16:44:29] EDIT nation_catalogue/views/nation_catalogue/view.html: 1
[2022-02-19 16:44:35] EDIT nation_catalogue/views/nation_catalogue/view.html: 1
[2022-02-19 16:45:08] EDIT nation_catalogue/views/nation_catalogue/view.html: 0
[2022-02-19 16:45:26] EDIT nation_catalogue/views/nation_catalogue/view.html: -1
[2022-02-19 16:46:02] EDIT nation_catalogue/controllers/nation_catalogue.py: 0
[2022-02-19 16:46:58] EDIT nation_catalogue/controllers/nation_catalogue.py: 0
[2022-02-19 16:47:13] EDIT nation_catalogue/controllers/nation_catalogue.py: 1
[2022-02-19 16:47:28] EDIT nation_catalogue/controllers/nation_catalogue.py: -1
[2022-02-19 16:48:21] EDIT nation_catalogue/controllers/nation_catalogue.py: -2
[2022-02-19 16:48:28] EDIT nation_catalogue/controllers/nation_catalogue.py: 0
[2022-02-19 16:48:53] EDIT nation_catalogue/controllers/nation_catalogue.py: 1
[2022-02-19 16:49:17] EDIT nation_catalogue/controllers/nation_catalogue.py: 0
[2022-02-19 16:49:55] EDIT nation_catalogue/controllers/nation_catalogue.py: -1
[2022-02-19 16:51:29] EDIT nation_catalogue/controllers/nation_catalogue.py: 1
[2022-02-19 16:54:30] EDIT nation_catalogue/controllers/nation_catalogue.py: 0
[2022-02-19 16:54:35] EDIT nation_catalogue/controllers/nation_catalogue.py: 0
[2022-02-19 16:54:42] EDIT nation_catalogue/controllers/nation_catalogue.py: 0
[2022-02-19 16:55:49] EDIT nation_catalogue/controllers/nation_catalogue.py: 0
[2022-02-19 16:55:55] EDIT nation_catalogue/controllers/nation_catalogue.py: 0
[2022-02-19 16:59:40] EDIT nation_catalogue/controllers/nation_catalogue.py: 0
[2022-02-19 17:00:48] EDIT nation_catalogue/controllers/nation_catalogue.py: 2
[2022-02-19 17:01:04] EDIT nation_catalogue/controllers/nation_catalogue.py: 0
[2022-02-19 17:01:07] EDIT nation_catalogue/controllers/nation_catalogue.py: 0
[2022-02-19 17:01:42] EDIT nation_catalogue/controllers/nation_catalogue.py: -1
[2022-02-19 17:02:29] EDIT nation_catalogue/views/nation_catalogue/view.html: 1
[2022-02-19 17:15:38] CREATE css/customForm.css: 0
[2022-02-19 17:16:39] EDIT nation_catalogue/static/css/customForm.css: 38
[2022-02-19 17:17:51] EDIT nation_catalogue/views/nation_catalogue/update_nation.html: -22
[2022-02-19 17:18:13] EDIT nation_catalogue/views/nation_catalogue/update_nation.html: -1
[2022-02-19 17:18:32] EDIT nation_catalogue/views/nation_catalogue/update_nation.html: 23
[2022-02-19 17:18:42] EDIT nation_catalogue/views/nation_catalogue/update_nation.html: -37
[2022-02-19 17:19:06] EDIT nation_catalogue/views/nation_catalogue/update_nation.html: 1
[2022-02-19 17:19:17] EDIT nation_catalogue/views/nation_catalogue/update_nation.html: 0
[2022-02-19 17:20:02] EDIT nation_catalogue/views/nation_catalogue/update_nation.html: -1
[2022-02-19 17:20:16] EDIT nation_catalogue/views/nation_catalogue/update_nation.html: 0
[2022-02-19 17:20:40] EDIT nation_catalogue/views/nation_catalogue/update_nation.html: 0
[2022-02-19 17:21:19] EDIT nation_catalogue/views/nation_catalogue/update_nation.html: 0
[2022-02-19 17:22:56] EDIT nation_catalogue/views/nation_catalogue/update_nation.html: 0
[2022-02-19 17:23:15] EDIT nation_catalogue/static/css/customForm.css: 0
[2022-02-19 17:24:11] EDIT nation_catalogue/views/nation_catalogue/update_nation.html: 0
[2022-02-19 17:24:50] EDIT nation_catalogue/views/nation_catalogue/update_nation.html: 0
[2022-02-19 17:25:47] EDIT nation_catalogue/views/nation_catalogue/update_nation.html: 1
[2022-02-19 17:27:01] EDIT nation_catalogue/views/nation_catalogue/update_nation.html: 0
[2022-02-19 17:31:06] EDIT nation_catalogue/views/nation_catalogue/update_nation.html: 1
[2022-02-19 17:31:27] EDIT nation_catalogue/views/nation_catalogue/update_nation.html: 0
[2022-02-19 17:31:59] EDIT nation_catalogue/views/nation_catalogue/update_nation.html: 0
[2022-02-19 17:32:07] EDIT nation_catalogue/views/nation_catalogue/update_nation.html: -1
[2022-02-19 17:32:21] EDIT nation_catalogue/static/css/customForm.css: 0
[2022-02-19 17:32:40] EDIT nation_catalogue/views/nation_catalogue/update_nation.html: 0
[2022-02-19 17:32:57] EDIT nation_catalogue/views/nation_catalogue/add_nation.html: -37
[2022-02-19 17:33:02] EDIT nation_catalogue/views/nation_catalogue/add_nation.html: -2
[2022-02-19 17:35:02] EDIT nation_catalogue/views/nation_catalogue/update_nation.html: 26
[2022-02-19 17:35:32] EDIT nation_catalogue/views/nation_catalogue/update_nation.html: -2
[2022-02-19 17:36:06] EDIT nation_catalogue/views/nation_catalogue/update_nation.html: 0
[2022-02-19 17:36:30] EDIT nation_catalogue/views/nation_catalogue/update_nation.html: 0
[2022-02-19 17:37:12] EDIT nation_catalogue/views/nation_catalogue/update_nation.html: 2
[2022-02-19 17:37:15] EDIT nation_catalogue/views/nation_catalogue/update_nation.html: 0
[2022-02-19 17:46:43] EDIT nation_catalogue/views/nation_catalogue/update_nation.html: 1
[2022-02-19 17:46:57] EDIT nation_catalogue/views/nation_catalogue/update_nation.html: 0
[2022-02-19 17:47:11] EDIT nation_catalogue/views/nation_catalogue/update_nation.html: -1
[2022-02-19 17:47:19] EDIT nation_catalogue/views/nation_catalogue/update_nation.html: 0
[2022-02-19 17:47:22] EDIT nation_catalogue/views/nation_catalogue/update_nation.html: 0
[2022-02-19 17:47:52] EDIT nation_catalogue/views/nation_catalogue/update_nation.html: -1
[2022-02-19 17:48:06] EDIT nation_catalogue/views/nation_catalogue/update_nation.html: 0
[2022-02-19 17:49:04] EDIT nation_catalogue/controllers/nation_catalogue.py: 1
[2022-02-19 17:49:17] EDIT nation_catalogue/views/nation_catalogue/update_nation.html: 0
[2022-02-19 17:50:38] EDIT nation_catalogue/controllers/nation_catalogue.py: 0
[2022-02-19 17:50:40] EDIT nation_catalogue/controllers/nation_catalogue.py: 0
[2022-02-19 17:51:02] EDIT nation_catalogue/views/nation_catalogue/update_nation.html: -1
[2022-02-19 17:51:08] EDIT nation_catalogue/controllers/nation_catalogue.py: 0
[2022-02-19 17:52:43] EDIT nation_catalogue/controllers/nation_catalogue.py: 0
[2022-02-19 17:52:49] EDIT nation_catalogue/controllers/nation_catalogue.py: 0
[2022-02-19 17:52:52] EDIT nation_catalogue/controllers/nation_catalogue.py: 0
[2022-02-19 17:52:56] EDIT nation_catalogue/controllers/nation_catalogue.py: 0
[2022-02-19 17:53:01] EDIT nation_catalogue/controllers/nation_catalogue.py: 0
[2022-02-19 17:53:14] EDIT nation_catalogue/controllers/nation_catalogue.py: 0
[2022-02-19 17:53:33] EDIT nation_catalogue/controllers/nation_catalogue.py: 0
[2022-02-19 17:56:46] EDIT nation_catalogue/controllers/nation_catalogue.py: 0
[2022-02-19 17:57:47] EDIT nation_catalogue/controllers/nation_catalogue.py: 0
[2022-02-19 17:58:02] EDIT nation_catalogue/controllers/nation_catalogue.py: 1
[2022-02-19 18:03:37] EDIT nation_catalogue/controllers/nation_catalogue.py: 0
[2022-02-19 18:04:55] EDIT nation_catalogue/controllers/nation_catalogue.py: 0
[2022-02-19 18:05:04] EDIT nation_catalogue/controllers/nation_catalogue.py: 0
[2022-02-19 18:05:40] EDIT nation_catalogue/controllers/nation_catalogue.py: 0
[2022-02-19 18:12:40] EDIT nation_catalogue/controllers/nation_catalogue.py: 0
[2022-02-19 18:12:52] EDIT nation_catalogue/controllers/nation_catalogue.py: 0
[2022-02-19 18:13:02] EDIT nation_catalogue/controllers/nation_catalogue.py: 0
[2022-02-19 18:13:16] EDIT nation_catalogue/controllers/nation_catalogue.py: 0
[2022-02-19 18:13:29] EDIT nation_catalogue/controllers/nation_catalogue.py: 0
[2022-02-19 18:13:46] EDIT nation_catalogue/controllers/nation_catalogue.py: 0
[2022-02-19 18:14:29] EDIT nation_catalogue/controllers/nation_catalogue.py: 1
[2022-02-19 18:14:45] EDIT nation_catalogue/controllers/nation_catalogue.py: 2
[2022-02-19 18:14:53] EDIT nation_catalogue/controllers/nation_catalogue.py: 0
[2022-02-19 18:15:44] EDIT nation_catalogue/controllers/nation_catalogue.py: 0
[2022-02-20 16:05:14] EDIT nation_catalogue/views/nation_catalogue/view.html: 2
[2022-02-20 16:20:36] EDIT nation_catalogue/views/nation_catalogue/view.html: 14
[2022-02-20 16:20:40] EDIT nation_catalogue/views/nation_catalogue/view.html: 1
[2022-02-20 16:21:05] EDIT nation_catalogue/views/nation_catalogue/view.html: 2
[2022-02-20 16:21:25] EDIT nation_catalogue/views/nation_catalogue/view.html: 0
[2022-02-20 16:21:45] EDIT nation_catalogue/views/nation_catalogue/view.html: 3
[2022-02-20 16:22:08] EDIT nation_catalogue/views/nation_catalogue/view.html: 1
[2022-02-20 16:22:28] EDIT nation_catalogue/views/nation_catalogue/view.html: 2
[2022-02-20 16:24:22] EDIT nation_catalogue/views/nation_catalogue/view.html: 5
[2022-02-20 16:24:33] EDIT nation_catalogue/views/nation_catalogue/view.html: -2
[2022-02-20 16:24:41] EDIT nation_catalogue/views/nation_catalogue/view.html: 1
[2022-02-20 16:24:51] EDIT nation_catalogue/views/nation_catalogue/view.html: 3
[2022-02-20 16:25:25] EDIT nation_catalogue/views/nation_catalogue/view.html: 1
[2022-02-20 16:27:26] EDIT nation_catalogue/models/db.py: 1
[2022-02-20 16:28:32] EDIT nation_catalogue/views/nation_catalogue/view.html: 0
[2022-02-20 16:31:25] EDIT nation_catalogue/views/nation_catalogue/view.html: 10
[2022-02-20 16:31:50] EDIT nation_catalogue/views/nation_catalogue/view.html: -1
[2022-02-20 16:32:06] EDIT nation_catalogue/views/nation_catalogue/view.html: 3
[2022-02-20 16:32:17] EDIT nation_catalogue/views/nation_catalogue/view.html: 1
[2022-02-20 16:35:05] EDIT nation_catalogue/views/nation_catalogue/view.html: 3
[2022-02-20 16:35:28] EDIT nation_catalogue/views/nation_catalogue/view.html: 0
[2022-02-20 16:35:49] EDIT nation_catalogue/views/nation_catalogue/view.html: 1
[2022-02-20 16:35:57] EDIT nation_catalogue/views/nation_catalogue/view.html: 1
[2022-02-20 16:36:07] EDIT nation_catalogue/views/nation_catalogue/view.html: 0
[2022-02-20 16:36:25] EDIT nation_catalogue/views/nation_catalogue/view.html: 0
[2022-02-20 16:36:54] EDIT nation_catalogue/views/nation_catalogue/view.html: 2
[2022-02-20 16:37:05] EDIT nation_catalogue/views/nation_catalogue/view.html: -2
[2022-02-20 16:37:43] EDIT nation_catalogue/views/nation_catalogue/view.html: -3
[2022-02-20 16:37:54] EDIT nation_catalogue/views/nation_catalogue/view.html: 0
[2022-02-20 16:38:14] EDIT nation_catalogue/views/nation_catalogue/view.html: 3
[2022-02-20 16:38:49] EDIT nation_catalogue/views/nation_catalogue/view.html: 3
[2022-02-20 16:40:19] EDIT nation_catalogue/views/nation_catalogue/view.html: 5
[2022-02-20 16:40:50] EDIT nation_catalogue/views/nation_catalogue/view.html: -1
[2022-02-20 16:41:22] EDIT nation_catalogue/views/nation_catalogue/view.html: 1
[2022-02-20 16:41:34] EDIT nation_catalogue/views/nation_catalogue/view.html: -1
[2022-02-20 16:41:41] EDIT nation_catalogue/views/nation_catalogue/view.html: -3
[2022-02-20 16:41:51] EDIT nation_catalogue/views/nation_catalogue/view.html: 4
[2022-02-20 16:42:17] EDIT nation_catalogue/views/nation_catalogue/view.html: 0
[2022-02-20 16:44:22] EDIT nation_catalogue/views/nation_catalogue/view.html: 1
[2022-02-20 16:45:01] EDIT nation_catalogue/views/nation_catalogue/view.html: 2
[2022-02-20 16:45:10] EDIT nation_catalogue/views/nation_catalogue/view.html: 0
[2022-02-20 16:45:50] EDIT nation_catalogue/views/nation_catalogue/view.html: 7
[2022-02-20 16:49:02] EDIT nation_catalogue/views/nation_catalogue/view.html: 7
[2022-02-20 16:49:08] EDIT nation_catalogue/views/nation_catalogue/view.html: 0
[2022-02-20 17:17:18] EDIT nation_catalogue/views/nation_catalogue/view.html: 23
[2022-02-20 17:18:20] EDIT nation_catalogue/views/nation_catalogue/view.html: 3
[2022-02-20 17:18:28] EDIT nation_catalogue/views/nation_catalogue/view.html: 1
[2022-02-20 17:18:42] EDIT nation_catalogue/views/nation_catalogue/view.html: 12
[2022-02-20 17:20:24] EDIT nation_catalogue/views/nation_catalogue/view.html: 1
[2022-02-20 17:20:50] EDIT nation_catalogue/views/nation_catalogue/view.html: 0
[2022-02-20 17:28:08] EDIT nation_catalogue/views/nation_catalogue/view.html: 0
[2022-02-20 17:28:48] EDIT nation_catalogue/views/nation_catalogue/view.html: 0
[2022-02-20 17:29:04] EDIT nation_catalogue/views/nation_catalogue/view.html: 0
[2022-02-20 17:29:26] EDIT nation_catalogue/views/nation_catalogue/view.html: 0
[2022-02-20 17:30:17] EDIT nation_catalogue/views/nation_catalogue/view.html: 2
[2022-02-20 17:30:51] EDIT nation_catalogue/views/nation_catalogue/view.html: 0
[2022-02-20 17:31:53] EDIT nation_catalogue/views/nation_catalogue/view.html: 0
[2022-02-20 17:33:00] EDIT nation_catalogue/views/nation_catalogue/view.html: 0
[2022-02-20 17:33:20] EDIT nation_catalogue/views/nation_catalogue/view.html: 0
[2022-02-20 17:33:38] EDIT nation_catalogue/views/nation_catalogue/view.html: 0
[2022-02-20 17:35:47] EDIT nation_catalogue/views/nation_catalogue/view.html: 34
[2022-02-20 17:35:53] EDIT nation_catalogue/views/nation_catalogue/view.html: 0
[2022-02-20 17:35:57] EDIT nation_catalogue/views/nation_catalogue/view.html: 0
[2022-02-20 17:36:02] EDIT nation_catalogue/views/nation_catalogue/view.html: 0
[2022-02-20 17:36:14] EDIT nation_catalogue/views/nation_catalogue/view.html: 0
[2022-02-20 17:37:03] EDIT nation_catalogue/views/nation_catalogue/view.html: 3
[2022-02-20 17:37:17] EDIT nation_catalogue/views/nation_catalogue/view.html: 0
[2022-02-20 17:39:52] EDIT nation_catalogue/views/nation_catalogue/view.html: 16
[2022-02-20 17:40:42] EDIT nation_catalogue/views/nation_catalogue/view.html: 0
[2022-02-20 17:41:24] EDIT nation_catalogue/views/nation_catalogue/view.html: -9
[2022-02-20 17:42:13] EDIT nation_catalogue/views/nation_catalogue/view.html: -11
[2022-02-20 17:42:34] EDIT nation_catalogue/views/nation_catalogue/view.html: 11
[2022-02-20 17:42:39] EDIT nation_catalogue/views/nation_catalogue/view.html: 0
[2022-02-20 17:43:01] EDIT nation_catalogue/views/nation_catalogue/view.html: 0
[2022-02-20 17:43:55] EDIT nation_catalogue/views/nation_catalogue/view.html: 6
[2022-02-20 17:44:01] EDIT nation_catalogue/views/nation_catalogue/view.html: 1
[2022-02-20 17:44:01] EDIT nation_catalogue/views/nation_catalogue/view.html: 0
[2022-02-20 17:44:15] EDIT nation_catalogue/views/nation_catalogue/view.html: -1
[2022-02-20 17:45:49] EDIT nation_catalogue/views/nation_catalogue/view.html: 12
[2022-02-20 17:45:55] EDIT nation_catalogue/controllers/nation_catalogue.py: 5
[2022-02-20 17:46:07] EDIT nation_catalogue/views/nation_catalogue/view.html: 0
[2022-02-20 17:46:22] EDIT nation_catalogue/views/nation_catalogue/view.html: 0
[2022-02-20 17:46:40] EDIT nation_catalogue/views/nation_catalogue/view.html: 1
[2022-02-20 17:46:47] EDIT nation_catalogue/views/nation_catalogue/view.html: 1
[2022-02-20 17:47:01] EDIT nation_catalogue/views/nation_catalogue/view.html: -14
[2022-02-20 17:47:21] EDIT nation_catalogue/views/nation_catalogue/view.html: 0
[2022-02-20 17:47:33] EDIT nation_catalogue/views/nation_catalogue/view.html: 14
[2022-02-20 17:47:37] EDIT nation_catalogue/views/nation_catalogue/view.html: 0
[2022-02-20 17:47:54] EDIT nation_catalogue/views/nation_catalogue/view.html: 0
[2022-02-20 17:49:01] EDIT nation_catalogue/views/nation_catalogue/view.html: 0
[2022-02-20 17:49:16] EDIT nation_catalogue/views/nation_catalogue/view.html: 0
[2022-02-20 17:49:28] EDIT nation_catalogue/views/nation_catalogue/view.html: 0
[2022-02-20 17:50:06] EDIT nation_catalogue/views/nation_catalogue/view.html: 0
[2022-02-20 17:50:36] EDIT nation_catalogue/views/nation_catalogue/view.html: 0
[2022-02-20 17:50:55] EDIT nation_catalogue/views/nation_catalogue/view.html: 1
[2022-02-20 17:51:40] EDIT nation_catalogue/views/nation_catalogue/view.html: 0
[2022-02-20 17:51:50] EDIT nation_catalogue/views/nation_catalogue/view.html: 0
[2022-02-20 17:53:32] EDIT nation_catalogue/views/nation_catalogue/view.html: 0
[2022-02-21 13:41:30] EDIT nation_catalogue/views/nation_catalogue/view.html: 2
[2022-02-21 13:42:03] EDIT nation_catalogue/controllers/nation_catalogue.py: 5
[2022-02-21 13:42:10] EDIT nation_catalogue/controllers/nation_catalogue.py: 0
[2022-02-21 13:42:53] EDIT nation_catalogue/controllers/nation_catalogue.py: 2
[2022-02-21 13:46:57] EDIT nation_catalogue/controllers/nation_catalogue.py: 3
[2022-02-21 13:47:03] EDIT nation_catalogue/controllers/nation_catalogue.py: 0
[2022-02-21 13:47:29] EDIT nation_catalogue/controllers/nation_catalogue.py: 0
[2022-02-21 13:47:36] EDIT nation_catalogue/controllers/nation_catalogue.py: 1
[2022-02-21 13:47:37] EDIT nation_catalogue/controllers/nation_catalogue.py: 0
[2022-02-21 13:47:39] EDIT nation_catalogue/controllers/nation_catalogue.py: 0
[2022-02-21 13:47:41] EDIT nation_catalogue/controllers/nation_catalogue.py: 0
[2022-02-21 13:47:44] EDIT nation_catalogue/controllers/nation_catalogue.py: 0
[2022-02-21 15:58:39] EDIT nation_catalogue/controllers/nation_catalogue.py: 3
[2022-02-21 16:44:52] EDIT nation_catalogue/controllers/nation_catalogue.py: 12
[2022-02-21 16:45:04] EDIT nation_catalogue/controllers/nation_catalogue.py: 0
[2022-02-21 16:45:17] EDIT nation_catalogue/controllers/nation_catalogue.py: 0
[2022-02-21 16:45:28] EDIT nation_catalogue/controllers/nation_catalogue.py: 0
[2022-02-21 16:45:44] EDIT nation_catalogue/controllers/nation_catalogue.py: 0
[2022-02-21 16:45:55] EDIT nation_catalogue/controllers/nation_catalogue.py: 0
[2022-02-21 16:46:05] EDIT nation_catalogue/controllers/nation_catalogue.py: 0
[2022-02-21 16:46:14] EDIT nation_catalogue/controllers/nation_catalogue.py: 0
[2022-02-21 16:46:41] EDIT nation_catalogue/controllers/nation_catalogue.py: 0
[2022-02-21 16:46:42] EDIT nation_catalogue/controllers/nation_catalogue.py: 0
[2022-02-21 16:50:35] EDIT nation_catalogue/controllers/nation_catalogue.py: 1
[2022-02-21 16:50:53] EDIT nation_catalogue/controllers/nation_catalogue.py: -26
[2022-02-21 16:50:56] EDIT nation_catalogue/controllers/nation_catalogue.py: -1
[2022-02-21 16:51:05] EDIT nation_catalogue/controllers/nation_catalogue.py: 27
[2022-02-21 16:51:49] EDIT nation_catalogue/controllers/nation_catalogue.py: -1
[2022-02-21 16:51:59] EDIT nation_catalogue/controllers/nation_catalogue.py: 1
[2022-02-21 16:52:02] EDIT nation_catalogue/controllers/nation_catalogue.py: 0
[2022-02-21 16:52:21] EDIT nation_catalogue/controllers/nation_catalogue.py: -1
[2022-02-21 16:52:39] EDIT nation_catalogue/controllers/nation_catalogue.py: 2
[2022-02-21 16:53:42] EDIT nation_catalogue/controllers/nation_catalogue.py: -2
[2022-02-21 16:53:53] EDIT nation_catalogue/controllers/nation_catalogue.py: 0
[2022-02-21 16:54:08] EDIT nation_catalogue/controllers/nation_catalogue.py: 4
[2022-02-21 16:54:28] EDIT nation_catalogue/controllers/nation_catalogue.py: -4
[2022-02-21 16:54:41] EDIT nation_catalogue/controllers/nation_catalogue.py: 1
[2022-02-21 16:54:42] EDIT nation_catalogue/controllers/nation_catalogue.py: 0
[2022-02-21 16:56:34] EDIT nation_catalogue/controllers/nation_catalogue.py: -1
[2022-02-21 16:56:44] EDIT nation_catalogue/controllers/nation_catalogue.py: 1
[2022-02-21 16:58:53] EDIT nation_catalogue/controllers/nation_catalogue.py: -1
[2022-02-21 16:59:01] EDIT nation_catalogue/controllers/nation_catalogue.py: 0
[2022-02-21 16:59:34] EDIT nation_catalogue/controllers/nation_catalogue.py: 0
[2022-02-21 17:00:25] EDIT nation_catalogue/controllers/nation_catalogue.py: 1
[2022-02-21 17:01:16] EDIT nation_catalogue/controllers/nation_catalogue.py: 1
[2022-02-21 17:01:25] EDIT nation_catalogue/controllers/nation_catalogue.py: 0
[2022-02-21 17:01:37] EDIT nation_catalogue/controllers/nation_catalogue.py: 1
[2022-02-21 17:02:36] EDIT nation_catalogue/controllers/nation_catalogue.py: 0
[2022-02-21 17:04:47] EDIT nation_catalogue/controllers/nation_catalogue.py: 0
[2022-02-21 17:05:16] EDIT nation_catalogue/controllers/nation_catalogue.py: 0
[2022-02-21 17:05:26] EDIT nation_catalogue/controllers/nation_catalogue.py: 0
[2022-02-21 17:05:34] EDIT nation_catalogue/controllers/nation_catalogue.py: 0
[2022-02-21 17:05:43] EDIT nation_catalogue/controllers/nation_catalogue.py: 0
[2022-02-21 17:05:56] EDIT nation_catalogue/controllers/nation_catalogue.py: -1
[2022-02-21 17:06:09] EDIT nation_catalogue/controllers/nation_catalogue.py: 0
[2022-02-21 17:06:21] EDIT nation_catalogue/controllers/nation_catalogue.py: 0
[2022-02-21 17:08:07] EDIT nation_catalogue/controllers/nation_catalogue.py: 0
[2022-02-21 17:10:40] EDIT nation_catalogue/controllers/nation_catalogue.py: 1
[2022-02-21 17:10:52] EDIT nation_catalogue/controllers/nation_catalogue.py: 0
[2022-02-21 17:11:56] EDIT nation_catalogue/controllers/nation_catalogue.py: 3
[2022-02-21 17:12:12] EDIT nation_catalogue/controllers/nation_catalogue.py: 0
[2022-02-21 17:12:25] EDIT nation_catalogue/controllers/nation_catalogue.py: 0
[2022-02-21 17:13:01] EDIT nation_catalogue/controllers/nation_catalogue.py: 0
[2022-02-21 17:14:25] EDIT nation_catalogue/controllers/nation_catalogue.py: 0
[2022-02-21 17:14:27] EDIT nation_catalogue/controllers/nation_catalogue.py: 0
[2022-02-21 17:15:18] EDIT nation_catalogue/controllers/nation_catalogue.py: 0
[2022-02-21 17:15:39] EDIT nation_catalogue/controllers/nation_catalogue.py: 0
[2022-02-21 17:15:58] EDIT nation_catalogue/controllers/nation_catalogue.py: 0
[2022-02-21 17:16:11] EDIT nation_catalogue/controllers/nation_catalogue.py: -1
[2022-02-21 17:16:16] EDIT nation_catalogue/controllers/nation_catalogue.py: 1
[2022-02-21 17:17:23] EDIT nation_catalogue/controllers/nation_catalogue.py: 5
[2022-02-21 17:19:36] EDIT nation_catalogue/controllers/nation_catalogue.py: 0
[2022-02-21 17:19:58] EDIT nation_catalogue/controllers/nation_catalogue.py: 0
[2022-02-21 17:20:08] EDIT nation_catalogue/controllers/nation_catalogue.py: 0
[2022-02-21 17:20:12] EDIT nation_catalogue/controllers/nation_catalogue.py: 0
[2022-02-21 17:20:14] EDIT nation_catalogue/controllers/nation_catalogue.py: 0
[2022-02-21 17:20:33] EDIT nation_catalogue/controllers/nation_catalogue.py: 0
[2022-02-21 17:23:30] EDIT nation_catalogue/controllers/nation_catalogue.py: 0
[2022-02-21 17:24:26] EDIT nation_catalogue/controllers/nation_catalogue.py: 0
[2022-02-21 17:26:52] EDIT nation_catalogue/controllers/nation_catalogue.py: 0
[2022-02-21 17:27:10] EDIT nation_catalogue/controllers/nation_catalogue.py: 0
[2022-02-21 17:27:36] EDIT nation_catalogue/controllers/nation_catalogue.py: 0
[2022-02-21 17:27:39] EDIT nation_catalogue/controllers/nation_catalogue.py: 0
[2022-02-21 17:27:46] EDIT nation_catalogue/controllers/nation_catalogue.py: 0
[2022-02-21 17:27:52] EDIT nation_catalogue/controllers/nation_catalogue.py: 0
[2022-02-21 17:27:55] EDIT nation_catalogue/controllers/nation_catalogue.py: 0
[2022-02-21 17:28:01] EDIT nation_catalogue/controllers/nation_catalogue.py: 0
[2022-02-21 17:28:33] EDIT nation_catalogue/controllers/nation_catalogue.py: 0
[2022-02-21 17:29:59] EDIT nation_catalogue/controllers/nation_catalogue.py: -1
[2022-02-21 17:30:02] EDIT nation_catalogue/controllers/nation_catalogue.py: 0
[2022-02-21 17:30:11] EDIT nation_catalogue/controllers/nation_catalogue.py: 0
[2022-02-21 17:30:30] EDIT nation_catalogue/controllers/nation_catalogue.py: -2
[2022-02-21 17:31:22] EDIT nation_catalogue/controllers/nation_catalogue.py: 0
[2022-02-21 17:31:31] EDIT nation_catalogue/controllers/nation_catalogue.py: 0
[2022-02-21 17:32:21] EDIT nation_catalogue/controllers/nation_catalogue.py: -5
[2022-02-21 17:33:00] EDIT nation_catalogue/controllers/nation_catalogue.py: 0
[2022-03-07 16:24:57] EDIT nation_catalogue/views/nation_catalogue/view.html: 3
[2022-03-07 16:25:10] EDIT nation_catalogue/views/nation_catalogue/view.html: 0
[2022-03-07 16:27:32] EDIT nation_catalogue/views/nation_catalogue/view.html: 0
[2022-03-07 17:17:07] EDIT nation_catalogue/controllers/nation_catalogue.py: 1
[2022-03-07 17:17:53] EDIT nation_catalogue/controllers/nation_catalogue.py: 2
[2022-03-07 17:18:04] EDIT nation_catalogue/controllers/nation_catalogue.py: 0
[2022-03-07 17:18:20] EDIT nation_catalogue/controllers/nation_catalogue.py: 0
[2022-03-07 17:18:28] EDIT nation_catalogue/controllers/nation_catalogue.py: 0
[2022-03-07 17:18:40] EDIT nation_catalogue/controllers/nation_catalogue.py: 0
[2022-03-07 17:19:52] EDIT nation_catalogue/controllers/nation_catalogue.py: 2
[2022-03-07 17:20:18] EDIT nation_catalogue/controllers/nation_catalogue.py: 1
[2022-03-07 17:20:27] EDIT nation_catalogue/controllers/nation_catalogue.py: 0
[2022-03-07 17:21:10] EDIT nation_catalogue/controllers/nation_catalogue.py: 0
[2022-03-07 17:21:18] EDIT nation_catalogue/controllers/nation_catalogue.py: 0
[2022-03-07 17:21:27] EDIT nation_catalogue/controllers/nation_catalogue.py: 0
[2022-03-07 17:22:07] EDIT nation_catalogue/controllers/nation_catalogue.py: 1
[2022-03-07 17:22:10] EDIT nation_catalogue/controllers/nation_catalogue.py: 0
[2022-03-07 17:22:25] EDIT nation_catalogue/controllers/nation_catalogue.py: 0
[2022-03-07 17:22:33] EDIT nation_catalogue/controllers/nation_catalogue.py: 0
[2022-03-07 17:22:42] EDIT nation_catalogue/controllers/nation_catalogue.py: 0
[2022-03-07 17:22:57] EDIT nation_catalogue/controllers/nation_catalogue.py: 0
[2022-03-07 17:23:00] EDIT nation_catalogue/views/nation_catalogue/view.html: 0
[2022-03-07 17:23:44] EDIT nation_catalogue/controllers/nation_catalogue.py: -1
[2022-03-07 17:23:46] EDIT nation_catalogue/controllers/nation_catalogue.py: 0
[2022-03-07 17:23:56] EDIT nation_catalogue/controllers/nation_catalogue.py: 0
[2022-03-07 17:24:30] EDIT nation_catalogue/controllers/nation_catalogue.py: 1
[2022-03-07 17:24:36] EDIT nation_catalogue/controllers/nation_catalogue.py: 0
[2022-03-07 17:24:46] EDIT nation_catalogue/controllers/nation_catalogue.py: 0
[2022-03-07 17:24:48] EDIT nation_catalogue/controllers/nation_catalogue.py: 0
[2022-03-07 17:24:57] EDIT nation_catalogue/controllers/nation_catalogue.py: 1
[2022-03-07 17:25:16] EDIT nation_catalogue/controllers/nation_catalogue.py: 1
[2022-03-07 17:28:42] EDIT nation_catalogue/controllers/nation_catalogue.py: -1
[2022-03-07 17:29:00] EDIT nation_catalogue/controllers/nation_catalogue.py: 0
[2022-03-07 17:29:04] EDIT nation_catalogue/controllers/nation_catalogue.py: 0
[2022-03-07 17:29:17] EDIT nation_catalogue/controllers/nation_catalogue.py: 0
[2022-03-07 17:39:16] EDIT nation_catalogue/controllers/nation_catalogue.py: 16
[2022-03-07 17:40:03] EDIT nation_catalogue/controllers/nation_catalogue.py: 2
[2022-03-07 17:40:08] EDIT nation_catalogue/controllers/nation_catalogue.py: 0
[2022-03-07 17:41:38] EDIT nation_catalogue/controllers/nation_catalogue.py: 6
[2022-03-07 17:41:44] EDIT nation_catalogue/controllers/nation_catalogue.py: 1
[2022-03-07 17:42:03] EDIT nation_catalogue/controllers/nation_catalogue.py: 2
[2022-03-07 17:42:55] EDIT nation_catalogue/controllers/nation_catalogue.py: -1
[2022-03-07 17:43:39] EDIT nation_catalogue/controllers/nation_catalogue.py: 2
[2022-03-07 17:43:57] EDIT nation_catalogue/controllers/nation_catalogue.py: 0
[2022-03-07 17:44:07] EDIT nation_catalogue/controllers/nation_catalogue.py: 1
[2022-03-07 17:50:15] EDIT nation_catalogue/controllers/nation_catalogue.py: 4
[2022-03-07 17:50:26] EDIT nation_catalogue/controllers/nation_catalogue.py: 0
[2022-03-07 17:50:30] EDIT nation_catalogue/controllers/nation_catalogue.py: 0
[2022-03-07 17:50:53] EDIT nation_catalogue/controllers/nation_catalogue.py: 1
[2022-03-07 17:51:01] EDIT nation_catalogue/controllers/nation_catalogue.py: 0
[2022-03-07 17:51:02] EDIT nation_catalogue/controllers/nation_catalogue.py: 0
[2022-03-07 17:51:46] EDIT nation_catalogue/controllers/nation_catalogue.py: 0
[2022-03-07 17:51:53] EDIT nation_catalogue/controllers/nation_catalogue.py: 0
[2022-03-07 17:52:02] EDIT nation_catalogue/controllers/nation_catalogue.py: 0
[2022-03-07 17:52:45] EDIT nation_catalogue/controllers/nation_catalogue.py: 0
[2022-03-07 17:53:24] EDIT nation_catalogue/controllers/nation_catalogue.py: 0
[2022-03-07 17:53:39] EDIT nation_catalogue/controllers/nation_catalogue.py: 0
[2022-03-07 17:53:46] EDIT nation_catalogue/controllers/nation_catalogue.py: 0
[2022-03-07 17:54:06] EDIT nation_catalogue/controllers/nation_catalogue.py: 1
[2022-03-07 17:54:24] EDIT nation_catalogue/controllers/nation_catalogue.py: 0
[2022-03-07 17:54:39] EDIT nation_catalogue/controllers/nation_catalogue.py: 0
[2022-03-07 17:54:50] EDIT nation_catalogue/controllers/nation_catalogue.py: 0
[2022-03-07 17:55:30] EDIT nation_catalogue/controllers/nation_catalogue.py: 0
[2022-03-07 17:55:44] EDIT nation_catalogue/controllers/nation_catalogue.py: 0
[2022-03-07 17:55:59] EDIT nation_catalogue/controllers/nation_catalogue.py: 0
[2022-03-07 17:56:10] EDIT nation_catalogue/controllers/nation_catalogue.py: -1
[2022-03-07 17:56:15] EDIT nation_catalogue/controllers/nation_catalogue.py: 0
[2022-03-07 17:56:26] EDIT nation_catalogue/controllers/nation_catalogue.py: 0
[2022-03-07 17:56:34] EDIT nation_catalogue/controllers/nation_catalogue.py: 0
[2022-03-07 17:56:51] EDIT nation_catalogue/controllers/nation_catalogue.py: 0
[2022-03-07 17:57:09] EDIT nation_catalogue/controllers/nation_catalogue.py: 0
[2022-03-07 17:57:31] EDIT nation_catalogue/controllers/nation_catalogue.py: 0
[2022-03-07 17:59:43] EDIT nation_catalogue/controllers/nation_catalogue.py: 0
[2022-03-07 18:00:13] EDIT nation_catalogue/controllers/nation_catalogue.py: 0
[2022-03-07 18:00:42] EDIT nation_catalogue/controllers/nation_catalogue.py: 0
[2022-03-07 18:00:55] EDIT nation_catalogue/controllers/nation_catalogue.py: 0
[2022-03-07 18:01:20] EDIT nation_catalogue/controllers/nation_catalogue.py: 0
[2022-03-07 18:01:34] EDIT nation_catalogue/controllers/nation_catalogue.py: 1
[2022-03-07 18:06:00] EDIT nation_catalogue/controllers/nation_catalogue.py: 4
[2022-03-07 18:07:32] EDIT nation_catalogue/controllers/nation_catalogue.py: 0
[2022-03-07 18:07:43] EDIT nation_catalogue/controllers/nation_catalogue.py: -1
[2022-03-07 18:07:50] EDIT nation_catalogue/controllers/nation_catalogue.py: -1
[2022-03-07 18:08:25] EDIT nation_catalogue/controllers/nation_catalogue.py: 11
[2022-03-07 18:09:10] EDIT nation_catalogue/controllers/nation_catalogue.py: -4
[2022-03-07 18:09:30] EDIT nation_catalogue/controllers/nation_catalogue.py: -6
[2022-03-07 18:09:46] EDIT nation_catalogue/controllers/nation_catalogue.py: 0
[2022-03-07 18:09:50] EDIT nation_catalogue/controllers/nation_catalogue.py: 0
[2022-03-07 18:09:57] EDIT nation_catalogue/controllers/nation_catalogue.py: 0
[2022-03-07 18:10:04] EDIT nation_catalogue/controllers/nation_catalogue.py: 0
[2022-03-07 18:10:09] EDIT nation_catalogue/controllers/nation_catalogue.py: 0
[2022-03-07 18:10:15] EDIT nation_catalogue/controllers/nation_catalogue.py: 0
[2022-03-07 18:10:29] EDIT nation_catalogue/controllers/nation_catalogue.py: 0
[2022-03-07 18:47:39] EDIT nation_catalogue/controllers/nation_catalogue.py: 0
[2022-03-07 18:47:54] EDIT nation_catalogue/controllers/nation_catalogue.py: 0
[2022-03-07 18:48:03] EDIT nation_catalogue/controllers/nation_catalogue.py: 0
[2022-03-07 18:48:11] EDIT nation_catalogue/controllers/nation_catalogue.py: 0
[2022-03-07 18:48:46] EDIT nation_catalogue/controllers/nation_catalogue.py: 0
[2022-03-07 18:49:01] EDIT nation_catalogue/controllers/nation_catalogue.py: 0
[2022-03-07 18:49:23] EDIT nation_catalogue/controllers/nation_catalogue.py: 1
[2022-03-07 18:49:31] EDIT nation_catalogue/controllers/nation_catalogue.py: 0
[2022-03-07 18:49:42] EDIT nation_catalogue/controllers/nation_catalogue.py: 0
[2022-03-07 18:50:05] EDIT nation_catalogue/controllers/nation_catalogue.py: 0
[2022-03-07 18:50:17] EDIT nation_catalogue/controllers/nation_catalogue.py: 0
[2022-03-07 18:50:23] EDIT nation_catalogue/controllers/nation_catalogue.py: 0
[2022-03-07 18:50:30] EDIT nation_catalogue/controllers/nation_catalogue.py: 0
[2022-03-07 18:50:35] EDIT nation_catalogue/controllers/nation_catalogue.py: 0
[2022-03-07 18:51:07] EDIT nation_catalogue/views/nation_catalogue/view.html: 2
[2022-03-07 18:51:15] EDIT nation_catalogue/views/nation_catalogue/view.html: 1
[2022-03-07 18:51:22] EDIT nation_catalogue/views/nation_catalogue/view.html: 1
[2022-03-07 18:54:49] EDIT nation_catalogue/controllers/nation_catalogue.py: 2
[2022-03-07 18:54:52] EDIT nation_catalogue/controllers/nation_catalogue.py: 0
[2022-03-07 18:54:57] EDIT nation_catalogue/controllers/nation_catalogue.py: -1
[2022-03-07 18:55:29] EDIT nation_catalogue/controllers/nation_catalogue.py: 0
[2022-03-07 18:56:37] EDIT nation_catalogue/controllers/nation_catalogue.py: 15
[2022-03-07 18:57:01] EDIT nation_catalogue/controllers/nation_catalogue.py: 1
[2022-03-07 18:57:08] EDIT nation_catalogue/controllers/nation_catalogue.py: 0
[2022-03-07 18:58:42] EDIT nation_catalogue/controllers/nation_catalogue.py: 0
[2022-03-07 18:58:51] EDIT nation_catalogue/controllers/nation_catalogue.py: 0
[2022-03-07 18:59:36] EDIT nation_catalogue/controllers/nation_catalogue.py: 2
[2022-03-07 19:02:50] EDIT nation_catalogue/controllers/nation_catalogue.py: 10
[2022-03-07 19:03:13] EDIT nation_catalogue/controllers/nation_catalogue.py: 0
[2022-03-07 19:03:24] EDIT nation_catalogue/controllers/nation_catalogue.py: 0
[2022-03-07 19:04:36] EDIT nation_catalogue/controllers/nation_catalogue.py: 0
[2022-03-07 19:05:52] EDIT nation_catalogue/controllers/nation_catalogue.py: 0
[2022-03-07 19:05:58] EDIT nation_catalogue/controllers/nation_catalogue.py: 0
[2022-03-07 19:07:56] EDIT nation_catalogue/controllers/nation_catalogue.py: 0
[2022-03-07 19:10:34] EDIT nation_catalogue/controllers/nation_catalogue.py: 0
[2022-03-07 19:10:43] EDIT nation_catalogue/controllers/nation_catalogue.py: 0
[2022-03-07 19:10:50] EDIT nation_catalogue/controllers/nation_catalogue.py: 0
[2022-03-07 19:11:13] EDIT nation_catalogue/controllers/nation_catalogue.py: 2
[2022-03-07 19:11:17] EDIT nation_catalogue/controllers/nation_catalogue.py: 0
[2022-03-07 19:12:30] EDIT nation_catalogue/controllers/nation_catalogue.py: 2
[2022-03-07 19:12:42] EDIT nation_catalogue/controllers/nation_catalogue.py: 0
[2022-03-07 19:14:22] EDIT nation_catalogue/controllers/nation_catalogue.py: 1
[2022-03-07 19:14:38] EDIT nation_catalogue/controllers/nation_catalogue.py: 0
[2022-03-07 19:15:10] EDIT nation_catalogue/controllers/nation_catalogue.py: 0
[2022-03-07 19:16:28] EDIT nation_catalogue/controllers/nation_catalogue.py: -5
[2022-03-07 19:17:13] EDIT nation_catalogue/controllers/nation_catalogue.py: -2
[2022-03-07 19:17:23] EDIT nation_catalogue/controllers/nation_catalogue.py: 2
[2022-03-07 19:17:36] EDIT nation_catalogue/controllers/nation_catalogue.py: 0
[2022-03-07 19:17:39] EDIT nation_catalogue/controllers/nation_catalogue.py: 0
[2022-03-07 19:17:52] EDIT nation_catalogue/controllers/nation_catalogue.py: 0
[2022-03-07 19:17:56] EDIT nation_catalogue/controllers/nation_catalogue.py: 0
[2022-03-07 19:18:29] EDIT nation_catalogue/controllers/nation_catalogue.py: 0
[2022-03-07 19:18:40] EDIT nation_catalogue/controllers/nation_catalogue.py: -1
[2022-03-07 19:18:42] EDIT nation_catalogue/controllers/nation_catalogue.py: 1
[2022-03-07 19:18:57] EDIT nation_catalogue/controllers/nation_catalogue.py: 0
[2022-03-07 19:19:40] EDIT nation_catalogue/controllers/nation_catalogue.py: 0
[2022-03-07 19:23:02] EDIT nation_catalogue/views/nation_catalogue/view.html: 3
[2022-03-07 19:24:51] EDIT nation_catalogue/views/nation_catalogue/view.html: 4
[2022-03-07 19:25:00] EDIT nation_catalogue/views/nation_catalogue/view.html: 1
[2022-03-07 19:25:19] EDIT nation_catalogue/views/nation_catalogue/view.html: 1
[2022-03-07 19:26:08] EDIT nation_catalogue/controllers/nation_catalogue.py: 0
[2022-03-07 19:26:40] EDIT nation_catalogue/controllers/nation_catalogue.py: 0
[2022-03-07 19:27:11] EDIT nation_catalogue/controllers/nation_catalogue.py: 0
[2022-03-07 19:29:53] EDIT nation_catalogue/views/nation_catalogue/view.html: 0
[2022-03-07 19:29:57] EDIT nation_catalogue/views/nation_catalogue/view.html: -6
[2022-03-07 19:30:00] EDIT nation_catalogue/views/nation_catalogue/view.html: 6
[2022-03-07 19:30:26] EDIT nation_catalogue/views/nation_catalogue/view.html: -6
[2022-03-07 19:31:43] EDIT nation_catalogue/views/nation_catalogue/view.html: -33
[2022-03-07 19:31:51] EDIT nation_catalogue/views/nation_catalogue/view.html: 0
[2022-03-07 19:32:10] EDIT nation_catalogue/views/nation_catalogue/view.html: -3
[2022-03-07 19:32:47] EDIT nation_catalogue/views/nation_catalogue/view.html: -59
[2022-03-07 19:32:58] EDIT nation_catalogue/views/nation_catalogue/view.html: -2
[2022-03-07 19:33:16] EDIT nation_catalogue/views/nation_catalogue/view.html: 0
[2022-03-07 19:33:34] EDIT nation_catalogue/views/nation_catalogue/view.html: -2
[2022-03-07 19:33:48] EDIT nation_catalogue/views/nation_catalogue/view.html: 0
[2022-03-07 19:34:09] EDIT nation_catalogue/views/nation_catalogue/view.html: 0
[2022-03-07 19:34:48] EDIT nation_catalogue/views/nation_catalogue/view.html: 0
[2022-03-07 19:34:52] EDIT nation_catalogue/views/nation_catalogue/view.html: 9
[2022-03-07 19:36:23] EDIT nation_catalogue/views/nation_catalogue/view.html: 0
[2022-03-07 19:36:39] EDIT nation_catalogue/views/nation_catalogue/view.html: 0
[2022-03-07 19:37:10] EDIT nation_catalogue/views/nation_catalogue/view.html: 0
[2022-03-07 19:37:27] EDIT nation_catalogue/views/nation_catalogue/view.html: 0
[2022-03-07 19:37:42] EDIT nation_catalogue/controllers/nation_catalogue.py: -2
[2022-03-07 19:38:12] EDIT nation_catalogue/controllers/nation_catalogue.py: 0
[2022-03-07 19:38:44] EDIT nation_catalogue/controllers/nation_catalogue.py: -5
[2022-03-07 19:38:52] EDIT nation_catalogue/controllers/nation_catalogue.py: 0
[2022-03-07 19:38:59] EDIT nation_catalogue/controllers/nation_catalogue.py: 0
[2022-03-07 19:39:11] EDIT nation_catalogue/controllers/nation_catalogue.py: 0
[2022-03-07 19:39:36] EDIT nation_catalogue/controllers/nation_catalogue.py: -2
[2022-03-07 19:39:42] EDIT nation_catalogue/controllers/nation_catalogue.py: 0
[2022-03-07 19:40:11] EDIT nation_catalogue/controllers/nation_catalogue.py: 0
[2022-03-07 19:40:30] EDIT nation_catalogue/controllers/nation_catalogue.py: -5
[2022-03-07 19:40:40] EDIT nation_catalogue/controllers/nation_catalogue.py: 0
[2022-03-07 19:40:43] EDIT nation_catalogue/controllers/nation_catalogue.py: 0
[2022-03-07 19:40:56] EDIT nation_catalogue/controllers/nation_catalogue.py: -2
[2022-03-07 19:41:37] EDIT nation_catalogue/controllers/nation_catalogue.py: 0
[2022-03-07 19:41:45] EDIT nation_catalogue/controllers/nation_catalogue.py: 0
[2022-03-07 19:41:59] EDIT nation_catalogue/controllers/nation_catalogue.py: 0
[2022-03-07 19:42:17] EDIT nation_catalogue/controllers/nation_catalogue.py: 0
[2022-03-07 19:42:18] EDIT nation_catalogue/controllers/nation_catalogue.py: 0
[2022-03-07 19:42:29] EDIT nation_catalogue/controllers/nation_catalogue.py: 0
[2022-03-07 19:42:37] EDIT nation_catalogue/controllers/nation_catalogue.py: 0
[2022-03-07 19:42:39] EDIT nation_catalogue/controllers/nation_catalogue.py: 0
[2022-03-07 19:42:52] EDIT nation_catalogue/controllers/nation_catalogue.py: 0
[2022-03-07 19:43:04] EDIT nation_catalogue/controllers/nation_catalogue.py: 0
[2022-03-07 19:43:17] EDIT nation_catalogue/controllers/nation_catalogue.py: 0
[2022-03-07 19:43:34] EDIT nation_catalogue/controllers/nation_catalogue.py: 0
[2022-03-07 19:43:54] EDIT nation_catalogue/controllers/nation_catalogue.py: 0
[2022-03-07 19:44:02] EDIT nation_catalogue/controllers/nation_catalogue.py: 0
[2022-03-07 19:44:16] EDIT nation_catalogue/controllers/nation_catalogue.py: 0
[2022-03-07 19:44:21] EDIT nation_catalogue/controllers/nation_catalogue.py: 0
[2022-03-07 19:44:32] EDIT nation_catalogue/controllers/nation_catalogue.py: 0
[2022-03-07 19:44:48] EDIT nation_catalogue/controllers/nation_catalogue.py: 0
[2022-03-07 19:44:52] EDIT nation_catalogue/controllers/nation_catalogue.py: 0
[2022-03-07 19:45:05] EDIT nation_catalogue/controllers/nation_catalogue.py: 0
[2022-03-07 19:45:32] EDIT nation_catalogue/controllers/nation_catalogue.py: 1
[2022-03-07 19:46:07] EDIT nation_catalogue/controllers/nation_catalogue.py: -1
[2022-03-07 19:46:17] EDIT nation_catalogue/controllers/nation_catalogue.py: 0
[2022-03-07 19:46:26] EDIT nation_catalogue/controllers/nation_catalogue.py: 0
[2022-03-07 19:46:35] EDIT nation_catalogue/controllers/nation_catalogue.py: 0
[2022-03-07 19:47:25] EDIT nation_catalogue/controllers/nation_catalogue.py: 0
[2022-03-07 19:47:31] EDIT nation_catalogue/controllers/nation_catalogue.py: -4
[2022-03-07 19:47:52] EDIT nation_catalogue/controllers/nation_catalogue.py: 4
[2022-03-07 19:47:57] EDIT nation_catalogue/controllers/nation_catalogue.py: 1
[2022-03-07 19:48:09] EDIT nation_catalogue/controllers/nation_catalogue.py: -4
[2022-03-07 19:48:55] EDIT nation_catalogue/controllers/nation_catalogue.py: 3
[2022-03-07 19:51:13] EDIT nation_catalogue/controllers/nation_catalogue.py: 0
[2022-03-07 19:51:47] EDIT nation_catalogue/controllers/nation_catalogue.py: -3
[2022-03-07 19:51:54] EDIT nation_catalogue/controllers/nation_catalogue.py: 4
[2022-03-07 19:51:57] EDIT nation_catalogue/controllers/nation_catalogue.py: 0
[2022-03-07 19:52:34] EDIT nation_catalogue/views/nation_catalogue/view.html: 0
[2022-03-07 21:17:32] EDIT nation_catalogue/views/nation_catalogue/view.html: 2
[2022-03-07 21:17:39] EDIT nation_catalogue/views/nation_catalogue/view.html: 0
[2022-03-07 21:17:50] EDIT nation_catalogue/views/nation_catalogue/view.html: 0
[2022-03-07 21:17:57] EDIT nation_catalogue/views/nation_catalogue/view.html: 0
[2022-03-07 21:18:11] EDIT nation_catalogue/views/nation_catalogue/view.html: -2
[2022-03-07 21:18:25] EDIT nation_catalogue/views/nation_catalogue/view.html: 1
[2022-03-07 21:19:15] EDIT nation_catalogue/views/nation_catalogue/view.html: -1
[2022-03-07 21:19:27] EDIT nation_catalogue/views/nation_catalogue/view.html: 1
[2022-03-07 21:19:37] EDIT nation_catalogue/views/nation_catalogue/view.html: 0
[2022-03-07 21:19:43] EDIT nation_catalogue/views/nation_catalogue/view.html: -1
[2022-03-07 21:34:09] EDIT nation_catalogue/models/menu.py: 0
[2022-03-07 21:34:58] EDIT nation_catalogue/models/menu.py: -94
[2022-03-07 21:35:29] EDIT nation_catalogue/models/menu.py: 1
[2022-03-07 21:36:18] EDIT nation_catalogue/models/menu.py: 2
[2022-03-07 21:36:20] EDIT nation_catalogue/models/menu.py: -2
[2022-03-07 21:36:39] EDIT nation_catalogue/models/menu.py: 1
[2022-03-07 21:36:45] EDIT nation_catalogue/models/menu.py: -1
[2022-03-07 21:37:45] EDIT nation_catalogue/views/layout.html: 0
[2022-03-07 21:38:07] EDIT nation_catalogue/views/layout.html: 0
[2022-03-07 21:38:16] EDIT nation_catalogue/views/layout.html: 0
[2022-03-07 21:43:26] EDIT nation_catalogue/views/layout.html: 0
[2022-03-07 21:43:54] EDIT nation_catalogue/views/layout.html: 0
[2022-03-07 21:44:08] EDIT nation_catalogue/views/layout.html: 0
[2022-03-07 21:44:58] EDIT nation_catalogue/views/layout.html: 0
[2022-03-07 21:45:09] EDIT nation_catalogue/views/layout.html: -18
[2022-03-07 21:45:49] EDIT nation_catalogue/views/layout.html: 24
[2022-03-07 21:45:58] EDIT nation_catalogue/views/layout.html: 1
[2022-03-07 21:46:06] EDIT nation_catalogue/views/layout.html: 0
[2022-03-07 21:46:15] EDIT nation_catalogue/views/layout.html: 1
[2022-03-07 21:46:28] EDIT nation_catalogue/views/layout.html: 0
[2022-03-07 21:46:34] EDIT nation_catalogue/views/layout.html: -1
[2022-03-07 21:46:40] EDIT nation_catalogue/views/layout.html: 0
[2022-03-07 21:47:03] EDIT nation_catalogue/views/layout.html: -25
[2022-03-07 21:47:10] EDIT nation_catalogue/views/layout.html: 0
[2022-03-07 21:47:37] EDIT nation_catalogue/views/layout.html: 2
[2022-03-07 21:47:50] EDIT nation_catalogue/views/layout.html: 0
[2022-03-07 21:47:59] EDIT nation_catalogue/views/layout.html: 0
[2022-03-07 21:48:03] EDIT nation_catalogue/views/layout.html: 0
[2022-03-07 21:48:20] EDIT nation_catalogue/views/layout.html: 1
[2022-03-07 21:48:34] EDIT nation_catalogue/views/layout.html: 1
[2022-03-07 21:48:43] EDIT nation_catalogue/views/layout.html: 1
[2022-03-07 21:48:51] EDIT nation_catalogue/views/layout.html: 1
[2022-03-07 21:48:58] EDIT nation_catalogue/views/layout.html: 1
[2022-03-07 21:49:12] EDIT nation_catalogue/views/layout.html: 1
[2022-03-07 21:49:31] EDIT nation_catalogue/views/layout.html: 2
[2022-03-07 21:49:47] EDIT nation_catalogue/views/layout.html: 0
[2022-03-07 21:50:05] EDIT nation_catalogue/views/layout.html: 0
[2022-03-07 21:50:12] EDIT nation_catalogue/views/layout.html: 0
[2022-03-07 21:50:25] EDIT nation_catalogue/views/layout.html: 0
[2022-03-07 21:50:45] EDIT nation_catalogue/views/layout.html: 0
[2022-03-07 21:51:36] EDIT nation_catalogue/views/layout.html: 0
[2022-03-07 21:51:45] EDIT nation_catalogue/views/layout.html: 0
[2022-03-07 21:52:08] EDIT nation_catalogue/views/layout.html: 0
[2022-03-07 21:52:25] EDIT nation_catalogue/views/layout.html: 1
[2022-03-07 21:52:27] EDIT nation_catalogue/views/layout.html: 0
[2022-03-07 21:52:33] EDIT nation_catalogue/views/layout.html: 0
[2022-03-07 21:52:51] EDIT nation_catalogue/views/layout.html: 3
[2022-03-07 21:53:12] EDIT nation_catalogue/views/layout.html: 0
[2022-03-07 21:53:14] EDIT nation_catalogue/views/layout.html: 0
[2022-03-07 21:53:23] EDIT nation_catalogue/views/layout.html: 0
[2022-03-07 21:53:36] EDIT nation_catalogue/views/layout.html: 0
[2022-03-07 21:53:46] EDIT nation_catalogue/views/layout.html: 0
[2022-03-07 21:53:52] EDIT nation_catalogue/views/layout.html: 0
[2022-03-07 21:54:07] EDIT nation_catalogue/views/layout.html: 0
[2022-03-07 21:54:09] EDIT nation_catalogue/views/layout.html: 0
[2022-03-07 21:54:21] EDIT nation_catalogue/views/layout.html: 0
[2022-03-07 21:54:26] EDIT nation_catalogue/views/layout.html: 0
[2022-03-07 21:54:28] EDIT nation_catalogue/views/layout.html: 0
[2022-03-07 21:54:32] EDIT nation_catalogue/views/layout.html: 0
[2022-03-07 21:54:43] EDIT nation_catalogue/views/layout.html: 1
[2022-03-07 21:54:49] EDIT nation_catalogue/views/layout.html: 1
[2022-03-07 21:54:56] EDIT nation_catalogue/views/layout.html: -2
[2022-03-07 21:55:03] EDIT nation_catalogue/views/layout.html: 0
[2022-03-07 21:55:22] EDIT nation_catalogue/views/layout.html: 3
[2022-03-07 21:56:08] EDIT nation_catalogue/views/layout.html: -3
[2022-03-07 21:56:24] EDIT nation_catalogue/views/layout.html: 0
[2022-03-07 21:56:31] EDIT nation_catalogue/views/layout.html: 0
[2022-03-07 21:56:38] EDIT nation_catalogue/views/layout.html: 0
[2022-03-07 21:56:53] EDIT nation_catalogue/views/layout.html: 0
[2022-03-07 21:56:55] EDIT nation_catalogue/views/layout.html: 1
[2022-03-07 21:57:25] EDIT nation_catalogue/views/layout.html: 6
[2022-03-07 21:57:35] EDIT nation_catalogue/views/layout.html: 0
[2022-03-07 21:57:46] EDIT nation_catalogue/views/layout.html: 0
[2022-03-07 21:58:00] EDIT nation_catalogue/views/layout.html: -3
[2022-03-07 21:58:09] EDIT nation_catalogue/views/layout.html: 0
[2022-03-07 21:58:20] EDIT nation_catalogue/views/layout.html: 0
[2022-03-07 21:58:33] EDIT nation_catalogue/views/layout.html: 0
[2022-03-07 21:58:38] EDIT nation_catalogue/views/layout.html: 0
[2022-03-07 21:58:41] EDIT nation_catalogue/views/layout.html: 0
[2022-03-08 17:28:05] EDIT nation_catalogue/views/layout.html: 3
[2022-03-08 17:30:38] EDIT nation_catalogue/views/layout.html: 0
[2022-03-08 17:30:56] EDIT nation_catalogue/views/layout.html: 0
[2022-03-08 17:31:06] EDIT nation_catalogue/views/layout.html: 0
